Extracting ../data/MNIST_data/train-images-idx3-ubyte.gz
Extracting ../data/MNIST_data/train-labels-idx1-ubyte.gz
Extracting ../data/MNIST_data/t10k-images-idx3-ubyte.gz
Extracting ../data/MNIST_data/t10k-labels-idx1-ubyte.gz
mnist.train.num_examples =  55000
mnist.test.labels =  10000
Start Trainging...
epoch 0
epoch = 0, accuracy in test = 0.8518
epoch 1
epoch = 1, accuracy in test = 0.9709
epoch 2
epoch = 2, accuracy in test = 0.9772
epoch 3
epoch = 3, accuracy in test = 0.9796
epoch 4
epoch = 4, accuracy in test = 0.9840
epoch 5
epoch = 5, accuracy in test = 0.9864
epoch 6
epoch = 6, accuracy in test = 0.9864
epoch 7
epoch = 7, accuracy in test = 0.9877
epoch 8
epoch = 8, accuracy in test = 0.9883
epoch 9
epoch = 9, accuracy in test = 0.9895
epoch 10
epoch = 10, accuracy in test = 0.9903
epoch 11
epoch = 11, accuracy in test = 0.9908
epoch 12
epoch = 12, accuracy in test = 0.9903
epoch 13
epoch = 13, accuracy in test = 0.9914
epoch 14
epoch = 14, accuracy in test = 0.9891
epoch 15
epoch = 15, accuracy in test = 0.9908
epoch 16
epoch = 16, accuracy in test = 0.9924
epoch 17
epoch = 17, accuracy in test = 0.9915
epoch 18
epoch = 18, accuracy in test = 0.9924
epoch 19
epoch = 19, accuracy in test = 0.9913
Used time: 1.16 minutes
